2023-03-05-23:00:00.010 WARN [scheduling-1]-com.alibaba.druid.pool.DruidAbstractDataSource:1494>>discard long time none received connection. , jdbcUrl : jdbc:mysql://localhost:3306/sdmall?characterEncoding=utf-8, version : 1.2.8, lastPacketReceivedIdleMillis : 60004
2023-03-05-23:03:12.760 INFO [lettuce-eventExecutorLoop-1-7]-io.netty.util.internal.logging.AbstractInternalLogger:171>>Reconnecting, last destination was /8.130.77.18:6379
2023-03-05-23:03:12.843 INFO [lettuce-nioEventLoop-4-2]-io.lettuce.core.protocol.ReconnectionHandler:174>>Reconnected to 8.130.77.18:6379
2023-03-05-23:06:00.010 WARN [scheduling-1]-com.alibaba.druid.pool.DruidAbstractDataSource:1494>>discard long time none received connection. , jdbcUrl : jdbc:mysql://localhost:3306/sdmall?characterEncoding=utf-8, version : 1.2.8, lastPacketReceivedIdleMillis : 60003
2023-03-05-23:06:00.013 WARN [scheduling-1]-com.alibaba.druid.pool.DruidAbstractDataSource:1494>>discard long time none received connection. , jdbcUrl : jdbc:mysql://localhost:3306/sdmall?characterEncoding=utf-8, version : 1.2.8, lastPacketReceivedIdleMillis : 161770
2023-03-05-23:06:00.014 WARN [scheduling-1]-com.alibaba.druid.pool.DruidAbstractDataSource:1494>>discard long time none received connection. , jdbcUrl : jdbc:mysql://localhost:3306/sdmall?characterEncoding=utf-8, version : 1.2.8, lastPacketReceivedIdleMillis : 180105
2023-03-05-23:08:00.011 WARN [scheduling-1]-com.alibaba.druid.pool.DruidAbstractDataSource:1494>>discard long time none received connection. , jdbcUrl : jdbc:mysql://localhost:3306/sdmall?characterEncoding=utf-8, version : 1.2.8, lastPacketReceivedIdleMillis : 60007
2023-03-05-23:12:00.014 WARN [scheduling-1]-com.alibaba.druid.pool.DruidAbstractDataSource:1494>>discard long time none received connection. , jdbcUrl : jdbc:mysql://localhost:3306/sdmall?characterEncoding=utf-8, version : 1.2.8, lastPacketReceivedIdleMillis : 60012
2023-03-05-23:16:00.022 WARN [scheduling-1]-com.alibaba.druid.pool.DruidAbstractDataSource:1494>>discard long time none received connection. , jdbcUrl : jdbc:mysql://localhost:3306/sdmall?characterEncoding=utf-8, version : 1.2.8, lastPacketReceivedIdleMillis : 60018
2023-03-05-23:19:00.012 WARN [scheduling-1]-com.alibaba.druid.pool.DruidAbstractDataSource:1494>>discard long time none received connection. , jdbcUrl : jdbc:mysql://localhost:3306/sdmall?characterEncoding=utf-8, version : 1.2.8, lastPacketReceivedIdleMillis : 60008
2023-03-05-23:24:00.011 WARN [scheduling-1]-com.alibaba.druid.pool.DruidAbstractDataSource:1494>>discard long time none received connection. , jdbcUrl : jdbc:mysql://localhost:3306/sdmall?characterEncoding=utf-8, version : 1.2.8, lastPacketReceivedIdleMillis : 60000
2023-03-05-23:27:00.015 WARN [scheduling-1]-com.alibaba.druid.pool.DruidAbstractDataSource:1494>>discard long time none received connection. , jdbcUrl : jdbc:mysql://localhost:3306/sdmall?characterEncoding=utf-8, version : 1.2.8, lastPacketReceivedIdleMillis : 60002
2023-03-05-23:31:00.017 WARN [scheduling-1]-com.alibaba.druid.pool.DruidAbstractDataSource:1494>>discard long time none received connection. , jdbcUrl : jdbc:mysql://localhost:3306/sdmall?characterEncoding=utf-8, version : 1.2.8, lastPacketReceivedIdleMillis : 60005
2023-03-05-23:34:00.011 WARN [scheduling-1]-com.alibaba.druid.pool.DruidAbstractDataSource:1494>>discard long time none received connection. , jdbcUrl : jdbc:mysql://localhost:3306/sdmall?characterEncoding=utf-8, version : 1.2.8, lastPacketReceivedIdleMillis : 60006
2023-03-05-23:39:00.010 WARN [scheduling-1]-com.alibaba.druid.pool.DruidAbstractDataSource:1494>>discard long time none received connection. , jdbcUrl : jdbc:mysql://localhost:3306/sdmall?characterEncoding=utf-8, version : 1.2.8, lastPacketReceivedIdleMillis : 60002
2023-03-05-23:41:36.994 INFO [SpringApplicationShutdownHook]-org.quartz.core.QuartzScheduler:585>>Scheduler quartzScheduler_$_NON_CLUSTERED paused.
2023-03-05-23:41:37.146 INFO [SpringApplicationShutdownHook]-org.springframework.scheduling.quartz.SchedulerFactoryBean:847>>Shutting down Quartz Scheduler
2023-03-05-23:41:37.146 INFO [SpringApplicationShutdownHook]-org.quartz.core.QuartzScheduler:666>>Scheduler quartzScheduler_$_NON_CLUSTERED shutting down.
2023-03-05-23:41:37.146 INFO [SpringApplicationShutdownHook]-org.quartz.core.QuartzScheduler:585>>Scheduler quartzScheduler_$_NON_CLUSTERED paused.
2023-03-05-23:41:37.147 INFO [SpringApplicationShutdownHook]-org.quartz.core.QuartzScheduler:740>>Scheduler quartzScheduler_$_NON_CLUSTERED shutdown complete.
2023-03-05-23:41:37.388 INFO [SpringApplicationShutdownHook]-com.alibaba.druid.pool.DruidDataSource:2071>>{dataSource-1} closing ...
2023-03-05-23:41:37.388 INFO [SpringApplicationShutdownHook]-com.alibaba.druid.pool.DruidDataSource:2144>>{dataSource-1} closed
2023-03-05-23:41:43.664 INFO [main]-org.springframework.boot.StartupInfoLogger:55>>Starting ApiApplication using Java 1.8.0_241 on Lengdi with PID 12068 (D:\JavaWork\sdmall\api\target\classes started by 冷帝7 in D:\JavaWork\sdmall)
2023-03-05-23:41:43.668 INFO [main]-org.springframework.boot.SpringApplication:634>>No active profile set, falling back to 1 default profile: "default"
2023-03-05-23:41:45.139 INFO [main]-org.springframework.data.repository.config.RepositoryConfigurationDelegate:262>>Multiple Spring Data modules found, entering strict repository configuration mode
2023-03-05-23:41:45.141 INFO [main]-org.springframework.data.repository.config.RepositoryConfigurationDelegate:132>>Bootstrapping Spring Data Redis repositories in DEFAULT mode.
2023-03-05-23:41:45.182 INFO [main]-org.springframework.data.repository.config.RepositoryConfigurationDelegate:201>>Finished Spring Data repository scanning in 25 ms. Found 0 Redis repository interfaces.
2023-03-05-23:41:45.316 WARN [main]-org.mybatis.logging.Logger:44>>No MyBatis mapper was found in '[com.lengdi]' package. Please check your configuration.
2023-03-05-23:41:45.761 INFO [main]-org.springframework.boot.web.embedded.tomcat.TomcatWebServer:108>>Tomcat initialized with port(s): 8080 (http)
2023-03-05-23:41:45.772 INFO [main]-org.apache.juli.logging.DirectJDKLog:173>>Initializing ProtocolHandler ["http-nio-8080"]
2023-03-05-23:41:45.772 INFO [main]-org.apache.juli.logging.DirectJDKLog:173>>Starting service [Tomcat]
2023-03-05-23:41:45.772 INFO [main]-org.apache.juli.logging.DirectJDKLog:173>>Starting Servlet engine: [Apache Tomcat/9.0.68]
2023-03-05-23:41:45.972 INFO [main]-org.apache.juli.logging.DirectJDKLog:173>>Initializing Spring embedded WebApplicationContext
2023-03-05-23:41:45.972 INFO [main]-org.springframework.boot.web.servlet.context.ServletWebServerApplicationContext:292>>Root WebApplicationContext: initialization completed in 2248 ms
2023-03-05-23:41:46.069 INFO [main]-com.alibaba.druid.spring.boot.autoconfigure.DruidDataSourceAutoConfigure:56>>Init DruidDataSource
2023-03-05-23:41:46.208 INFO [main]-com.alibaba.druid.pool.DruidDataSource:998>>{dataSource-1} inited
2023-03-05-23:41:48.073 INFO [main]-tk.mybatis.mapper.autoconfigure.MapperCacheDisabler:60>>Clear tk.mybatis.mapper.util.MsUtil CLASS_CACHE cache.
2023-03-05-23:41:48.074 INFO [main]-tk.mybatis.mapper.autoconfigure.MapperCacheDisabler:60>>Clear tk.mybatis.mapper.genid.GenIdUtil CACHE cache.
2023-03-05-23:41:48.074 INFO [main]-tk.mybatis.mapper.autoconfigure.MapperCacheDisabler:60>>Clear tk.mybatis.mapper.version.VersionUtil CACHE cache.
2023-03-05-23:41:48.075 INFO [main]-tk.mybatis.mapper.autoconfigure.MapperCacheDisabler:83>>Clear EntityHelper entityTableMap cache.
2023-03-05-23:41:48.192 INFO [main]-org.quartz.impl.StdSchedulerFactory:1220>>Using default implementation for ThreadExecutor
2023-03-05-23:41:48.202 INFO [main]-org.quartz.core.SchedulerSignalerImpl:61>>Initialized Scheduler Signaller of type: class org.quartz.core.SchedulerSignalerImpl
2023-03-05-23:41:48.202 INFO [main]-org.quartz.core.QuartzScheduler:229>>Quartz Scheduler v.2.3.2 created.
2023-03-05-23:41:48.203 INFO [main]-org.quartz.simpl.RAMJobStore:155>>RAMJobStore initialized.
2023-03-05-23:41:48.204 INFO [main]-org.quartz.core.QuartzScheduler:294>>Scheduler meta-data: Quartz Scheduler (v2.3.2) 'quartzScheduler' with instanceId 'NON_CLUSTERED'
  Scheduler class: 'org.quartz.core.QuartzScheduler' - running locally.
  NOT STARTED.
  Currently in standby mode.
  Number of jobs executed: 0
  Using thread pool 'org.quartz.simpl.SimpleThreadPool' - with 10 threads.
  Using job-store 'org.quartz.simpl.RAMJobStore' - which does not support persistence. and is not clustered.

2023-03-05-23:41:48.204 INFO [main]-org.quartz.impl.StdSchedulerFactory:1374>>Quartz scheduler 'quartzScheduler' initialized from an externally provided properties instance.
2023-03-05-23:41:48.204 INFO [main]-org.quartz.impl.StdSchedulerFactory:1378>>Quartz scheduler version: 2.3.2
2023-03-05-23:41:48.204 INFO [main]-org.quartz.core.QuartzScheduler:2293>>JobFactory set to: org.springframework.scheduling.quartz.SpringBeanJobFactory@75f8d9b0
2023-03-05-23:41:48.269 INFO [main]-org.apache.juli.logging.DirectJDKLog:173>>Starting ProtocolHandler ["http-nio-8080"]
2023-03-05-23:41:48.291 INFO [main]-org.springframework.boot.web.embedded.tomcat.TomcatWebServer:220>>Tomcat started on port(s): 8080 (http) with context path ''
2023-03-05-23:41:48.534 WARN [main]-springfox.documentation.swagger.readers.operation.OperationImplicitParameterReader:170>>Unable to interpret the implicit parameter configuration with dataType: string, dataTypeClass: class java.lang.Void
2023-03-05-23:41:48.545 WARN [main]-springfox.documentation.swagger.readers.operation.OperationImplicitParameterReader:170>>Unable to interpret the implicit parameter configuration with dataType: string, dataTypeClass: class java.lang.Void
2023-03-05-23:41:48.548 WARN [main]-springfox.documentation.swagger.readers.operation.OperationImplicitParameterReader:170>>Unable to interpret the implicit parameter configuration with dataType: int, dataTypeClass: class java.lang.Void
2023-03-05-23:41:48.550 WARN [main]-springfox.documentation.swagger.readers.operation.OperationImplicitParameterReader:170>>Unable to interpret the implicit parameter configuration with dataType: int, dataTypeClass: class java.lang.Void
2023-03-05-23:41:48.571 WARN [main]-springfox.documentation.swagger.readers.operation.OperationImplicitParameterReader:170>>Unable to interpret the implicit parameter configuration with dataType: string, dataTypeClass: class java.lang.Void
2023-03-05-23:41:48.578 WARN [main]-springfox.documentation.swagger.readers.operation.OperationImplicitParameterReader:170>>Unable to interpret the implicit parameter configuration with dataType: int, dataTypeClass: class java.lang.Void
2023-03-05-23:41:48.579 WARN [main]-springfox.documentation.swagger.readers.operation.OperationImplicitParameterReader:170>>Unable to interpret the implicit parameter configuration with dataType: int, dataTypeClass: class java.lang.Void
2023-03-05-23:41:48.616 WARN [main]-springfox.documentation.swagger.readers.operation.OperationImplicitParameterReader:170>>Unable to interpret the implicit parameter configuration with dataType: int, dataTypeClass: class java.lang.Void
2023-03-05-23:41:48.616 WARN [main]-springfox.documentation.swagger.readers.operation.OperationImplicitParameterReader:170>>Unable to interpret the implicit parameter configuration with dataType: int, dataTypeClass: class java.lang.Void
2023-03-05-23:41:48.624 WARN [main]-springfox.documentation.swagger.readers.operation.OperationImplicitParameterReader:170>>Unable to interpret the implicit parameter configuration with dataType: string, dataTypeClass: class java.lang.Void
2023-03-05-23:41:48.624 WARN [main]-springfox.documentation.swagger.readers.operation.OperationImplicitParameterReader:170>>Unable to interpret the implicit parameter configuration with dataType: int, dataTypeClass: class java.lang.Void
2023-03-05-23:41:48.624 WARN [main]-springfox.documentation.swagger.readers.operation.OperationImplicitParameterReader:170>>Unable to interpret the implicit parameter configuration with dataType: int, dataTypeClass: class java.lang.Void
2023-03-05-23:41:48.707 WARN [main]-springfox.documentation.swagger.readers.operation.OperationImplicitParameterReader:170>>Unable to interpret the implicit parameter configuration with dataType: int, dataTypeClass: class java.lang.Void
2023-03-05-23:41:48.712 WARN [main]-springfox.documentation.swagger.readers.operation.OperationImplicitParameterReader:170>>Unable to interpret the implicit parameter configuration with dataType: String, dataTypeClass: class java.lang.Void
2023-03-05-23:41:48.715 WARN [main]-springfox.documentation.swagger.readers.operation.OperationImplicitParameterReader:170>>Unable to interpret the implicit parameter configuration with dataType: int, dataTypeClass: class java.lang.Void
2023-03-05-23:41:48.743 WARN [main]-springfox.documentation.swagger.readers.operation.OperationImplicitParameterReader:170>>Unable to interpret the implicit parameter configuration with dataType: string, dataTypeClass: class java.lang.Void
2023-03-05-23:41:48.744 WARN [main]-springfox.documentation.swagger.readers.operation.OperationImplicitParameterReader:170>>Unable to interpret the implicit parameter configuration with dataType: string, dataTypeClass: class java.lang.Void
2023-03-05-23:41:48.763 WARN [main]-springfox.documentation.swagger.readers.operation.OperationImplicitParameterReader:170>>Unable to interpret the implicit parameter configuration with dataType: string, dataTypeClass: class java.lang.Void
2023-03-05-23:41:48.764 WARN [main]-springfox.documentation.swagger.readers.operation.OperationImplicitParameterReader:170>>Unable to interpret the implicit parameter configuration with dataType: string, dataTypeClass: class java.lang.Void
2023-03-05-23:41:48.779 INFO [main]-org.springframework.scheduling.quartz.SchedulerFactoryBean:729>>Starting Quartz Scheduler now
2023-03-05-23:41:48.779 INFO [main]-org.quartz.core.QuartzScheduler:547>>Scheduler quartzScheduler_$_NON_CLUSTERED started.
2023-03-05-23:41:48.794 INFO [main]-org.springframework.boot.StartupInfoLogger:61>>Started ApiApplication in 5.736 seconds (JVM running for 7.349)
2023-03-05-23:42:03.684 INFO [http-nio-8080-exec-1]-org.apache.juli.logging.DirectJDKLog:173>>Initializing Spring DispatcherServlet 'dispatcherServlet'
2023-03-05-23:42:03.684 INFO [http-nio-8080-exec-1]-org.springframework.web.servlet.FrameworkServlet:525>>Initializing Servlet 'dispatcherServlet'
2023-03-05-23:42:03.685 INFO [http-nio-8080-exec-1]-org.springframework.web.servlet.FrameworkServlet:547>>Completed initialization in 1 ms
2023-03-05-23:47:00.026 WARN [scheduling-1]-com.alibaba.druid.pool.DruidAbstractDataSource:1494>>discard long time none received connection. , jdbcUrl : jdbc:mysql://localhost:3306/sdmall?characterEncoding=utf-8, version : 1.2.8, lastPacketReceivedIdleMillis : 60009
2023-03-05-23:47:43.303 ERROR [http-nio-8080-exec-1]-org.apache.juli.logging.DirectJDKLog:175>>Servlet.service() for servlet [dispatcherServlet] in context with path [] threw exception [Request processing failed; nested exception is org.springframework.data.redis.RedisSystemException: Redis exception; nested exception is io.lettuce.core.RedisException: java.io.IOException: 远程主机强迫关闭了一个现有的连接。] with root cause
java.io.IOException: 远程主机强迫关闭了一个现有的连接。
	at sun.nio.ch.SocketDispatcher.read0(Native Method)
	at sun.nio.ch.SocketDispatcher.read(SocketDispatcher.java:43)
	at sun.nio.ch.IOUtil.readIntoNativeBuffer(IOUtil.java:223)
	at sun.nio.ch.IOUtil.read(IOUtil.java:192)
	at sun.nio.ch.SocketChannelImpl.read(SocketChannelImpl.java:380)
	at io.netty.buffer.PooledByteBuf.setBytes(PooledByteBuf.java:259)
	at io.netty.buffer.AbstractByteBuf.writeBytes(AbstractByteBuf.java:1132)
	at io.netty.channel.socket.nio.NioSocketChannel.doReadBytes(NioSocketChannel.java:357)
	at io.netty.channel.nio.AbstractNioByteChannel$NioByteUnsafe.read(AbstractNioByteChannel.java:151)
	at io.netty.channel.nio.NioEventLoop.processSelectedKey(NioEventLoop.java:788)
	at io.netty.channel.nio.NioEventLoop.processSelectedKeysOptimized(NioEventLoop.java:724)
	at io.netty.channel.nio.NioEventLoop.processSelectedKeys(NioEventLoop.java:650)
	at io.netty.channel.nio.NioEventLoop.run(NioEventLoop.java:562)
	at io.netty.util.concurrent.SingleThreadEventExecutor$4.run(SingleThreadEventExecutor.java:997)
	at io.netty.util.internal.ThreadExecutorMap$2.run(ThreadExecutorMap.java:74)
	at io.netty.util.concurrent.FastThreadLocalRunnable.run(FastThreadLocalRunnable.java:30)
	at java.lang.Thread.run(Thread.java:748)
2023-03-05-23:47:43.334 INFO [lettuce-eventExecutorLoop-1-6]-io.netty.util.internal.logging.AbstractInternalLogger:171>>Reconnecting, last destination was /8.130.77.18:6379
2023-03-05-23:47:43.453 INFO [lettuce-nioEventLoop-4-2]-io.lettuce.core.protocol.ReconnectionHandler:174>>Reconnected to 8.130.77.18:6379
2023-03-05-23:50:00.004 WARN [scheduling-1]-com.alibaba.druid.pool.DruidAbstractDataSource:1494>>discard long time none received connection. , jdbcUrl : jdbc:mysql://localhost:3306/sdmall?characterEncoding=utf-8, version : 1.2.8, lastPacketReceivedIdleMillis : 60000
2023-03-05-23:50:00.005 WARN [scheduling-1]-com.alibaba.druid.pool.DruidAbstractDataSource:1494>>discard long time none received connection. , jdbcUrl : jdbc:mysql://localhost:3306/sdmall?characterEncoding=utf-8, version : 1.2.8, lastPacketReceivedIdleMillis : 119748
2023-03-05-23:50:00.006 WARN [scheduling-1]-com.alibaba.druid.pool.DruidAbstractDataSource:1494>>discard long time none received connection. , jdbcUrl : jdbc:mysql://localhost:3306/sdmall?characterEncoding=utf-8, version : 1.2.8, lastPacketReceivedIdleMillis : 119750
2023-03-05-23:52:00.012 WARN [scheduling-1]-com.alibaba.druid.pool.DruidAbstractDataSource:1494>>discard long time none received connection. , jdbcUrl : jdbc:mysql://localhost:3306/sdmall?characterEncoding=utf-8, version : 1.2.8, lastPacketReceivedIdleMillis : 60010
2023-03-05-23:54:00.014 WARN [scheduling-1]-com.alibaba.druid.pool.DruidAbstractDataSource:1494>>discard long time none received connection. , jdbcUrl : jdbc:mysql://localhost:3306/sdmall?characterEncoding=utf-8, version : 1.2.8, lastPacketReceivedIdleMillis : 60007
2023-03-05-23:56:00.017 WARN [scheduling-1]-com.alibaba.druid.pool.DruidAbstractDataSource:1494>>discard long time none received connection. , jdbcUrl : jdbc:mysql://localhost:3306/sdmall?characterEncoding=utf-8, version : 1.2.8, lastPacketReceivedIdleMillis : 60001
2023-03-05-23:58:00.016 WARN [scheduling-1]-com.alibaba.druid.pool.DruidAbstractDataSource:1494>>discard long time none received connection. , jdbcUrl : jdbc:mysql://localhost:3306/sdmall?characterEncoding=utf-8, version : 1.2.8, lastPacketReceivedIdleMillis : 60005
