2023-03-09-15:58:49.993 INFO [main]-org.springframework.boot.StartupInfoLogger:55>>Starting ApiApplication using Java 1.8.0_241 on Lengdi with PID 9500 (D:\JavaWork\sdmall\api\target\classes started by 冷帝7 in D:\JavaWork\sdmall)
2023-03-09-15:58:49.997 INFO [main]-org.springframework.boot.SpringApplication:634>>No active profile set, falling back to 1 default profile: "default"
2023-03-09-15:58:51.259 INFO [main]-org.springframework.data.repository.config.RepositoryConfigurationDelegate:262>>Multiple Spring Data modules found, entering strict repository configuration mode
2023-03-09-15:58:51.260 INFO [main]-org.springframework.data.repository.config.RepositoryConfigurationDelegate:132>>Bootstrapping Spring Data Elasticsearch repositories in DEFAULT mode.
2023-03-09-15:58:51.295 INFO [main]-org.springframework.data.repository.config.RepositoryConfigurationDelegate:201>>Finished Spring Data repository scanning in 30 ms. Found 0 Elasticsearch repository interfaces.
2023-03-09-15:58:51.299 INFO [main]-org.springframework.data.repository.config.RepositoryConfigurationDelegate:262>>Multiple Spring Data modules found, entering strict repository configuration mode
2023-03-09-15:58:51.300 INFO [main]-org.springframework.data.repository.config.RepositoryConfigurationDelegate:132>>Bootstrapping Spring Data Reactive Elasticsearch repositories in DEFAULT mode.
2023-03-09-15:58:51.308 INFO [main]-org.springframework.data.repository.config.RepositoryConfigurationDelegate:201>>Finished Spring Data repository scanning in 7 ms. Found 0 Reactive Elasticsearch repository interfaces.
2023-03-09-15:58:51.323 INFO [main]-org.springframework.data.repository.config.RepositoryConfigurationDelegate:262>>Multiple Spring Data modules found, entering strict repository configuration mode
2023-03-09-15:58:51.324 INFO [main]-org.springframework.data.repository.config.RepositoryConfigurationDelegate:132>>Bootstrapping Spring Data Redis repositories in DEFAULT mode.
2023-03-09-15:58:51.341 INFO [main]-org.springframework.data.repository.config.RepositoryConfigurationDelegate:201>>Finished Spring Data repository scanning in 7 ms. Found 0 Redis repository interfaces.
2023-03-09-15:58:51.512 WARN [main]-org.mybatis.logging.Logger:44>>No MyBatis mapper was found in '[com.lengdi]' package. Please check your configuration.
2023-03-09-15:58:52.162 INFO [main]-org.springframework.boot.web.embedded.tomcat.TomcatWebServer:108>>Tomcat initialized with port(s): 8080 (http)
2023-03-09-15:58:52.174 INFO [main]-org.apache.juli.logging.DirectJDKLog:173>>Initializing ProtocolHandler ["http-nio-8080"]
2023-03-09-15:58:52.176 INFO [main]-org.apache.juli.logging.DirectJDKLog:173>>Starting service [Tomcat]
2023-03-09-15:58:52.176 INFO [main]-org.apache.juli.logging.DirectJDKLog:173>>Starting Servlet engine: [Apache Tomcat/9.0.68]
2023-03-09-15:58:52.513 INFO [main]-org.apache.juli.logging.DirectJDKLog:173>>Initializing Spring embedded WebApplicationContext
2023-03-09-15:58:52.513 INFO [main]-org.springframework.boot.web.servlet.context.ServletWebServerApplicationContext:292>>Root WebApplicationContext: initialization completed in 2456 ms
2023-03-09-15:58:53.266 INFO [main]-com.alibaba.druid.spring.boot.autoconfigure.DruidDataSourceAutoConfigure:56>>Init DruidDataSource
2023-03-09-15:58:53.386 INFO [main]-com.alibaba.druid.pool.DruidDataSource:998>>{dataSource-1} inited
2023-03-09-15:58:54.246 INFO [main]-org.redisson.Version:41>>Redisson 3.12.0
2023-03-09-15:58:58.859 WARN [main]-org.springframework.context.support.AbstractApplicationContext:591>>Exception encountered during context initialization - cancelling refresh attempt: org.springframework.beans.factory.UnsatisfiedDependencyException: Error creating bean with name 'orderController': Unsatisfied dependency expressed through field 'orderService'; nested exception is org.springframework.beans.factory.UnsatisfiedDependencyException: Error creating bean with name 'orderServiceImpl': Unsatisfied dependency expressed through field 'redissonClient'; nested exception is org.springframework.beans.factory.BeanCreationException: Error creating bean with name 'redissonClient' defined in class path resource [com/lengdi/sdmall/service/config/RedissonConfig.class]: Bean instantiation via factory method failed; nested exception is org.springframework.beans.BeanInstantiationException: Failed to instantiate [org.redisson.api.RedissonClient]: Factory method 'redissonClient' threw exception; nested exception is org.redisson.client.RedisConnectionException: Unable to connect to Redis server: 8.130.77.18/8.130.77.18:6379
2023-03-09-15:58:58.859 INFO [main]-com.alibaba.druid.pool.DruidDataSource:2071>>{dataSource-1} closing ...
2023-03-09-15:58:58.860 INFO [main]-com.alibaba.druid.pool.DruidDataSource:2144>>{dataSource-1} closed
2023-03-09-15:58:58.872 INFO [main]-org.apache.juli.logging.DirectJDKLog:173>>Stopping service [Tomcat]
2023-03-09-15:58:58.882 INFO [main]-org.springframework.boot.autoconfigure.logging.ConditionEvaluationReportLoggingListener:136>>

Error starting ApplicationContext. To display the conditions report re-run your application with 'debug' enabled.
2023-03-09-15:58:58.918 ERROR [main]-org.springframework.boot.SpringApplication:824>>Application run failed
org.springframework.beans.factory.UnsatisfiedDependencyException: Error creating bean with name 'orderController': Unsatisfied dependency expressed through field 'orderService'; nested exception is org.springframework.beans.factory.UnsatisfiedDependencyException: Error creating bean with name 'orderServiceImpl': Unsatisfied dependency expressed through field 'redissonClient'; nested exception is org.springframework.beans.factory.BeanCreationException: Error creating bean with name 'redissonClient' defined in class path resource [com/lengdi/sdmall/service/config/RedissonConfig.class]: Bean instantiation via factory method failed; nested exception is org.springframework.beans.BeanInstantiationException: Failed to instantiate [org.redisson.api.RedissonClient]: Factory method 'redissonClient' threw exception; nested exception is org.redisson.client.RedisConnectionException: Unable to connect to Redis server: 8.130.77.18/8.130.77.18:6379
	at org.springframework.beans.factory.annotation.AutowiredAnnotationBeanPostProcessor$AutowiredFieldElement.resolveFieldValue(AutowiredAnnotationBeanPostProcessor.java:659)
	at org.springframework.beans.factory.annotation.AutowiredAnnotationBeanPostProcessor$AutowiredFieldElement.inject(AutowiredAnnotationBeanPostProcessor.java:639)
	at org.springframework.beans.factory.annotation.InjectionMetadata.inject(InjectionMetadata.java:119)
	at org.springframework.beans.factory.annotation.AutowiredAnnotationBeanPostProcessor.postProcessProperties(AutowiredAnnotationBeanPostProcessor.java:399)
	at org.springframework.beans.factory.support.AbstractAutowireCapableBeanFactory.populateBean(AbstractAutowireCapableBeanFactory.java:1431)
	at org.springframework.beans.factory.support.AbstractAutowireCapableBeanFactory.doCreateBean(AbstractAutowireCapableBeanFactory.java:619)
	at org.springframework.beans.factory.support.AbstractAutowireCapableBeanFactory.createBean(AbstractAutowireCapableBeanFactory.java:542)
	at org.springframework.beans.factory.support.AbstractBeanFactory.lambda$doGetBean$0(AbstractBeanFactory.java:335)
	at org.springframework.beans.factory.support.DefaultSingletonBeanRegistry.getSingleton(DefaultSingletonBeanRegistry.java:234)
	at org.springframework.beans.factory.support.AbstractBeanFactory.doGetBean(AbstractBeanFactory.java:333)
	at org.springframework.beans.factory.support.AbstractBeanFactory.getBean(AbstractBeanFactory.java:208)
	at org.springframework.beans.factory.support.DefaultListableBeanFactory.preInstantiateSingletons(DefaultListableBeanFactory.java:955)
	at org.springframework.context.support.AbstractApplicationContext.finishBeanFactoryInitialization(AbstractApplicationContext.java:918)
	at org.springframework.context.support.AbstractApplicationContext.refresh(AbstractApplicationContext.java:583)
	at org.springframework.boot.web.servlet.context.ServletWebServerApplicationContext.refresh(ServletWebServerApplicationContext.java:147)
	at org.springframework.boot.SpringApplication.refresh(SpringApplication.java:734)
	at org.springframework.boot.SpringApplication.refreshContext(SpringApplication.java:408)
	at org.springframework.boot.SpringApplication.run(SpringApplication.java:308)
	at org.springframework.boot.SpringApplication.run(SpringApplication.java:1306)
	at org.springframework.boot.SpringApplication.run(SpringApplication.java:1295)
	at com.lengdi.ApiApplication.main(ApiApplication.java:16)
Caused by: org.springframework.beans.factory.UnsatisfiedDependencyException: Error creating bean with name 'orderServiceImpl': Unsatisfied dependency expressed through field 'redissonClient'; nested exception is org.springframework.beans.factory.BeanCreationException: Error creating bean with name 'redissonClient' defined in class path resource [com/lengdi/sdmall/service/config/RedissonConfig.class]: Bean instantiation via factory method failed; nested exception is org.springframework.beans.BeanInstantiationException: Failed to instantiate [org.redisson.api.RedissonClient]: Factory method 'redissonClient' threw exception; nested exception is org.redisson.client.RedisConnectionException: Unable to connect to Redis server: 8.130.77.18/8.130.77.18:6379
	at org.springframework.beans.factory.annotation.AutowiredAnnotationBeanPostProcessor$AutowiredFieldElement.resolveFieldValue(AutowiredAnnotationBeanPostProcessor.java:659)
	at org.springframework.beans.factory.annotation.AutowiredAnnotationBeanPostProcessor$AutowiredFieldElement.inject(AutowiredAnnotationBeanPostProcessor.java:639)
	at org.springframework.beans.factory.annotation.InjectionMetadata.inject(InjectionMetadata.java:119)
	at org.springframework.beans.factory.annotation.AutowiredAnnotationBeanPostProcessor.postProcessProperties(AutowiredAnnotationBeanPostProcessor.java:399)
	at org.springframework.beans.factory.support.AbstractAutowireCapableBeanFactory.populateBean(AbstractAutowireCapableBeanFactory.java:1431)
	at org.springframework.beans.factory.support.AbstractAutowireCapableBeanFactory.doCreateBean(AbstractAutowireCapableBeanFactory.java:619)
	at org.springframework.beans.factory.support.AbstractAutowireCapableBeanFactory.createBean(AbstractAutowireCapableBeanFactory.java:542)
	at org.springframework.beans.factory.support.AbstractBeanFactory.lambda$doGetBean$0(AbstractBeanFactory.java:335)
	at org.springframework.beans.factory.support.DefaultSingletonBeanRegistry.getSingleton(DefaultSingletonBeanRegistry.java:234)
	at org.springframework.beans.factory.support.AbstractBeanFactory.doGetBean(AbstractBeanFactory.java:333)
	at org.springframework.beans.factory.support.AbstractBeanFactory.getBean(AbstractBeanFactory.java:208)
	at org.springframework.beans.factory.config.DependencyDescriptor.resolveCandidate(DependencyDescriptor.java:276)
	at org.springframework.beans.factory.support.DefaultListableBeanFactory.doResolveDependency(DefaultListableBeanFactory.java:1391)
	at org.springframework.beans.factory.support.DefaultListableBeanFactory.resolveDependency(DefaultListableBeanFactory.java:1311)
	at org.springframework.beans.factory.annotation.AutowiredAnnotationBeanPostProcessor$AutowiredFieldElement.resolveFieldValue(AutowiredAnnotationBeanPostProcessor.java:656)
	... 20 common frames omitted
Caused by: org.springframework.beans.factory.BeanCreationException: Error creating bean with name 'redissonClient' defined in class path resource [com/lengdi/sdmall/service/config/RedissonConfig.class]: Bean instantiation via factory method failed; nested exception is org.springframework.beans.BeanInstantiationException: Failed to instantiate [org.redisson.api.RedissonClient]: Factory method 'redissonClient' threw exception; nested exception is org.redisson.client.RedisConnectionException: Unable to connect to Redis server: 8.130.77.18/8.130.77.18:6379
	at org.springframework.beans.factory.support.ConstructorResolver.instantiate(ConstructorResolver.java:658)
	at org.springframework.beans.factory.support.ConstructorResolver.instantiateUsingFactoryMethod(ConstructorResolver.java:486)
	at org.springframework.beans.factory.support.AbstractAutowireCapableBeanFactory.instantiateUsingFactoryMethod(AbstractAutowireCapableBeanFactory.java:1352)
	at org.springframework.beans.factory.support.AbstractAutowireCapableBeanFactory.createBeanInstance(AbstractAutowireCapableBeanFactory.java:1195)
	at org.springframework.beans.factory.support.AbstractAutowireCapableBeanFactory.doCreateBean(AbstractAutowireCapableBeanFactory.java:582)
	at org.springframework.beans.factory.support.AbstractAutowireCapableBeanFactory.createBean(AbstractAutowireCapableBeanFactory.java:542)
	at org.springframework.beans.factory.support.AbstractBeanFactory.lambda$doGetBean$0(AbstractBeanFactory.java:335)
	at org.springframework.beans.factory.support.DefaultSingletonBeanRegistry.getSingleton(DefaultSingletonBeanRegistry.java:234)
	at org.springframework.beans.factory.support.AbstractBeanFactory.doGetBean(AbstractBeanFactory.java:333)
	at org.springframework.beans.factory.support.AbstractBeanFactory.getBean(AbstractBeanFactory.java:208)
	at org.springframework.beans.factory.config.DependencyDescriptor.resolveCandidate(DependencyDescriptor.java:276)
	at org.springframework.beans.factory.support.DefaultListableBeanFactory.doResolveDependency(DefaultListableBeanFactory.java:1391)
	at org.springframework.beans.factory.support.DefaultListableBeanFactory.resolveDependency(DefaultListableBeanFactory.java:1311)
	at org.springframework.beans.factory.annotation.AutowiredAnnotationBeanPostProcessor$AutowiredFieldElement.resolveFieldValue(AutowiredAnnotationBeanPostProcessor.java:656)
	... 34 common frames omitted
Caused by: org.springframework.beans.BeanInstantiationException: Failed to instantiate [org.redisson.api.RedissonClient]: Factory method 'redissonClient' threw exception; nested exception is org.redisson.client.RedisConnectionException: Unable to connect to Redis server: 8.130.77.18/8.130.77.18:6379
	at org.springframework.beans.factory.support.SimpleInstantiationStrategy.instantiate(SimpleInstantiationStrategy.java:185)
	at org.springframework.beans.factory.support.ConstructorResolver.instantiate(ConstructorResolver.java:653)
	... 47 common frames omitted
Caused by: org.redisson.client.RedisConnectionException: Unable to connect to Redis server: 8.130.77.18/8.130.77.18:6379
	at org.redisson.connection.pool.ConnectionPool$1.lambda$run$0(ConnectionPool.java:160)
	at org.redisson.misc.RedissonPromise.lambda$onComplete$0(RedissonPromise.java:183)
	at io.netty.util.concurrent.DefaultPromise.notifyListener0(DefaultPromise.java:578)
	at io.netty.util.concurrent.DefaultPromise.notifyListenersNow(DefaultPromise.java:552)
	at io.netty.util.concurrent.DefaultPromise.notifyListeners(DefaultPromise.java:491)
	at io.netty.util.concurrent.DefaultPromise.setValue0(DefaultPromise.java:616)
	at io.netty.util.concurrent.DefaultPromise.setFailure0(DefaultPromise.java:609)
	at io.netty.util.concurrent.DefaultPromise.tryFailure(DefaultPromise.java:117)
	at org.redisson.misc.RedissonPromise.tryFailure(RedissonPromise.java:96)
	at org.redisson.connection.pool.ConnectionPool.promiseFailure(ConnectionPool.java:330)
	at org.redisson.connection.pool.ConnectionPool.lambda$createConnection$1(ConnectionPool.java:296)
	at org.redisson.misc.RedissonPromise.lambda$onComplete$0(RedissonPromise.java:183)
	at io.netty.util.concurrent.DefaultPromise.notifyListener0(DefaultPromise.java:578)
	at io.netty.util.concurrent.DefaultPromise.notifyListeners0(DefaultPromise.java:571)
	at io.netty.util.concurrent.DefaultPromise.notifyListenersNow(DefaultPromise.java:550)
	at io.netty.util.concurrent.DefaultPromise.notifyListeners(DefaultPromise.java:491)
	at io.netty.util.concurrent.DefaultPromise.setValue0(DefaultPromise.java:616)
	at io.netty.util.concurrent.DefaultPromise.setFailure0(DefaultPromise.java:609)
	at io.netty.util.concurrent.DefaultPromise.tryFailure(DefaultPromise.java:117)
	at org.redisson.misc.RedissonPromise.tryFailure(RedissonPromise.java:96)
	at org.redisson.client.RedisClient$2$2.run(RedisClient.java:249)
	at io.netty.util.concurrent.AbstractEventExecutor.runTask(AbstractEventExecutor.java:174)
	at io.netty.util.concurrent.AbstractEventExecutor.safeExecute(AbstractEventExecutor.java:167)
	at io.netty.util.concurrent.SingleThreadEventExecutor.runAllTasks(SingleThreadEventExecutor.java:470)
	at io.netty.channel.nio.NioEventLoop.run(NioEventLoop.java:569)
	at io.netty.util.concurrent.SingleThreadEventExecutor$4.run(SingleThreadEventExecutor.java:997)
	at io.netty.util.internal.ThreadExecutorMap$2.run(ThreadExecutorMap.java:74)
	at io.netty.util.concurrent.FastThreadLocalRunnable.run(FastThreadLocalRunnable.java:30)
	at java.lang.Thread.run(Thread.java:748)
Caused by: io.netty.channel.AbstractChannel$AnnotatedConnectException: Connection refused: no further information: 8.130.77.18/8.130.77.18:6379
Caused by: java.net.ConnectException: Connection refused: no further information
	at sun.nio.ch.SocketChannelImpl.checkConnect(Native Method)
	at sun.nio.ch.SocketChannelImpl.finishConnect(SocketChannelImpl.java:717)
	at io.netty.channel.socket.nio.NioSocketChannel.doFinishConnect(NioSocketChannel.java:337)
	at io.netty.channel.nio.AbstractNioChannel$AbstractNioUnsafe.finishConnect(AbstractNioChannel.java:334)
	at io.netty.channel.nio.NioEventLoop.processSelectedKey(NioEventLoop.java:776)
	at io.netty.channel.nio.NioEventLoop.processSelectedKeysOptimized(NioEventLoop.java:724)
	at io.netty.channel.nio.NioEventLoop.processSelectedKeys(NioEventLoop.java:650)
	at io.netty.channel.nio.NioEventLoop.run(NioEventLoop.java:562)
	at io.netty.util.concurrent.SingleThreadEventExecutor$4.run(SingleThreadEventExecutor.java:997)
	at io.netty.util.internal.ThreadExecutorMap$2.run(ThreadExecutorMap.java:74)
	at io.netty.util.concurrent.FastThreadLocalRunnable.run(FastThreadLocalRunnable.java:30)
	at java.lang.Thread.run(Thread.java:748)
