2023-03-06-00:00:00.012 WARN [scheduling-1]-com.alibaba.druid.pool.DruidAbstractDataSource:1494>>discard long time none received connection. , jdbcUrl : jdbc:mysql://localhost:3306/sdmall?characterEncoding=utf-8, version : 1.2.8, lastPacketReceivedIdleMillis : 60004
2023-03-06-00:02:00.012 WARN [scheduling-1]-com.alibaba.druid.pool.DruidAbstractDataSource:1494>>discard long time none received connection. , jdbcUrl : jdbc:mysql://localhost:3306/sdmall?characterEncoding=utf-8, version : 1.2.8, lastPacketReceivedIdleMillis : 60009
2023-03-06-00:02:16.300 INFO [SpringApplicationShutdownHook]-org.quartz.core.QuartzScheduler:585>>Scheduler quartzScheduler_$_NON_CLUSTERED paused.
2023-03-06-00:02:16.622 INFO [SpringApplicationShutdownHook]-org.springframework.scheduling.quartz.SchedulerFactoryBean:847>>Shutting down Quartz Scheduler
2023-03-06-00:02:16.624 INFO [SpringApplicationShutdownHook]-org.quartz.core.QuartzScheduler:666>>Scheduler quartzScheduler_$_NON_CLUSTERED shutting down.
2023-03-06-00:02:16.624 INFO [SpringApplicationShutdownHook]-org.quartz.core.QuartzScheduler:585>>Scheduler quartzScheduler_$_NON_CLUSTERED paused.
2023-03-06-00:02:16.624 INFO [SpringApplicationShutdownHook]-org.quartz.core.QuartzScheduler:740>>Scheduler quartzScheduler_$_NON_CLUSTERED shutdown complete.
2023-03-06-00:02:16.760 INFO [SpringApplicationShutdownHook]-com.alibaba.druid.pool.DruidDataSource:2071>>{dataSource-1} closing ...
2023-03-06-00:02:16.763 INFO [SpringApplicationShutdownHook]-com.alibaba.druid.pool.DruidDataSource:2144>>{dataSource-1} closed
2023-03-06-00:02:30.105 INFO [main]-org.springframework.boot.StartupInfoLogger:55>>Starting ApiApplication using Java 1.8.0_241 on Lengdi with PID 8008 (D:\JavaWork\sdmall\api\target\classes started by 冷帝7 in D:\JavaWork\sdmall)
2023-03-06-00:02:30.112 INFO [main]-org.springframework.boot.SpringApplication:634>>No active profile set, falling back to 1 default profile: "default"
2023-03-06-00:02:31.929 INFO [main]-org.springframework.data.repository.config.RepositoryConfigurationDelegate:262>>Multiple Spring Data modules found, entering strict repository configuration mode
2023-03-06-00:02:31.932 INFO [main]-org.springframework.data.repository.config.RepositoryConfigurationDelegate:132>>Bootstrapping Spring Data Redis repositories in DEFAULT mode.
2023-03-06-00:02:31.989 INFO [main]-org.springframework.data.repository.config.RepositoryConfigurationDelegate:201>>Finished Spring Data repository scanning in 38 ms. Found 0 Redis repository interfaces.
2023-03-06-00:02:32.185 WARN [main]-org.mybatis.logging.Logger:44>>No MyBatis mapper was found in '[com.lengdi]' package. Please check your configuration.
2023-03-06-00:02:32.853 INFO [main]-org.springframework.boot.web.embedded.tomcat.TomcatWebServer:108>>Tomcat initialized with port(s): 8080 (http)
2023-03-06-00:02:32.867 INFO [main]-org.apache.juli.logging.DirectJDKLog:173>>Initializing ProtocolHandler ["http-nio-8080"]
2023-03-06-00:02:32.868 INFO [main]-org.apache.juli.logging.DirectJDKLog:173>>Starting service [Tomcat]
2023-03-06-00:02:32.868 INFO [main]-org.apache.juli.logging.DirectJDKLog:173>>Starting Servlet engine: [Apache Tomcat/9.0.68]
2023-03-06-00:02:33.157 INFO [main]-org.apache.juli.logging.DirectJDKLog:173>>Initializing Spring embedded WebApplicationContext
2023-03-06-00:02:33.157 INFO [main]-org.springframework.boot.web.servlet.context.ServletWebServerApplicationContext:292>>Root WebApplicationContext: initialization completed in 2950 ms
2023-03-06-00:02:33.285 INFO [main]-com.alibaba.druid.spring.boot.autoconfigure.DruidDataSourceAutoConfigure:56>>Init DruidDataSource
2023-03-06-00:02:33.450 INFO [main]-com.alibaba.druid.pool.DruidDataSource:998>>{dataSource-1} inited
2023-03-06-00:02:36.056 INFO [main]-tk.mybatis.mapper.autoconfigure.MapperCacheDisabler:60>>Clear tk.mybatis.mapper.util.MsUtil CLASS_CACHE cache.
2023-03-06-00:02:36.058 INFO [main]-tk.mybatis.mapper.autoconfigure.MapperCacheDisabler:60>>Clear tk.mybatis.mapper.genid.GenIdUtil CACHE cache.
2023-03-06-00:02:36.059 INFO [main]-tk.mybatis.mapper.autoconfigure.MapperCacheDisabler:60>>Clear tk.mybatis.mapper.version.VersionUtil CACHE cache.
2023-03-06-00:02:36.060 INFO [main]-tk.mybatis.mapper.autoconfigure.MapperCacheDisabler:83>>Clear EntityHelper entityTableMap cache.
2023-03-06-00:02:36.254 INFO [main]-org.quartz.impl.StdSchedulerFactory:1220>>Using default implementation for ThreadExecutor
2023-03-06-00:02:36.269 INFO [main]-org.quartz.core.SchedulerSignalerImpl:61>>Initialized Scheduler Signaller of type: class org.quartz.core.SchedulerSignalerImpl
2023-03-06-00:02:36.269 INFO [main]-org.quartz.core.QuartzScheduler:229>>Quartz Scheduler v.2.3.2 created.
2023-03-06-00:02:36.270 INFO [main]-org.quartz.simpl.RAMJobStore:155>>RAMJobStore initialized.
2023-03-06-00:02:36.271 INFO [main]-org.quartz.core.QuartzScheduler:294>>Scheduler meta-data: Quartz Scheduler (v2.3.2) 'quartzScheduler' with instanceId 'NON_CLUSTERED'
  Scheduler class: 'org.quartz.core.QuartzScheduler' - running locally.
  NOT STARTED.
  Currently in standby mode.
  Number of jobs executed: 0
  Using thread pool 'org.quartz.simpl.SimpleThreadPool' - with 10 threads.
  Using job-store 'org.quartz.simpl.RAMJobStore' - which does not support persistence. and is not clustered.

2023-03-06-00:02:36.271 INFO [main]-org.quartz.impl.StdSchedulerFactory:1374>>Quartz scheduler 'quartzScheduler' initialized from an externally provided properties instance.
2023-03-06-00:02:36.271 INFO [main]-org.quartz.impl.StdSchedulerFactory:1378>>Quartz scheduler version: 2.3.2
2023-03-06-00:02:36.272 INFO [main]-org.quartz.core.QuartzScheduler:2293>>JobFactory set to: org.springframework.scheduling.quartz.SpringBeanJobFactory@8ce3f27
2023-03-06-00:02:36.383 INFO [main]-org.apache.juli.logging.DirectJDKLog:173>>Starting ProtocolHandler ["http-nio-8080"]
2023-03-06-00:02:36.439 INFO [main]-org.springframework.boot.web.embedded.tomcat.TomcatWebServer:220>>Tomcat started on port(s): 8080 (http) with context path ''
2023-03-06-00:02:36.660 INFO [http-nio-8080-exec-1]-org.apache.juli.logging.DirectJDKLog:173>>Initializing Spring DispatcherServlet 'dispatcherServlet'
2023-03-06-00:02:36.660 INFO [http-nio-8080-exec-1]-org.springframework.web.servlet.FrameworkServlet:525>>Initializing Servlet 'dispatcherServlet'
2023-03-06-00:02:36.667 INFO [http-nio-8080-exec-1]-org.springframework.web.servlet.FrameworkServlet:547>>Completed initialization in 6 ms
2023-03-06-00:02:36.829 WARN [main]-springfox.documentation.swagger.readers.operation.OperationImplicitParameterReader:170>>Unable to interpret the implicit parameter configuration with dataType: string, dataTypeClass: class java.lang.Void
2023-03-06-00:02:36.841 WARN [main]-springfox.documentation.swagger.readers.operation.OperationImplicitParameterReader:170>>Unable to interpret the implicit parameter configuration with dataType: string, dataTypeClass: class java.lang.Void
2023-03-06-00:02:36.842 WARN [main]-springfox.documentation.swagger.readers.operation.OperationImplicitParameterReader:170>>Unable to interpret the implicit parameter configuration with dataType: int, dataTypeClass: class java.lang.Void
2023-03-06-00:02:36.844 WARN [main]-springfox.documentation.swagger.readers.operation.OperationImplicitParameterReader:170>>Unable to interpret the implicit parameter configuration with dataType: int, dataTypeClass: class java.lang.Void
2023-03-06-00:02:36.889 WARN [main]-springfox.documentation.swagger.readers.operation.OperationImplicitParameterReader:170>>Unable to interpret the implicit parameter configuration with dataType: string, dataTypeClass: class java.lang.Void
2023-03-06-00:02:36.902 WARN [main]-springfox.documentation.swagger.readers.operation.OperationImplicitParameterReader:170>>Unable to interpret the implicit parameter configuration with dataType: int, dataTypeClass: class java.lang.Void
2023-03-06-00:02:36.903 WARN [main]-springfox.documentation.swagger.readers.operation.OperationImplicitParameterReader:170>>Unable to interpret the implicit parameter configuration with dataType: int, dataTypeClass: class java.lang.Void
2023-03-06-00:02:36.916 WARN [main]-springfox.documentation.swagger.readers.operation.OperationImplicitParameterReader:170>>Unable to interpret the implicit parameter configuration with dataType: int, dataTypeClass: class java.lang.Void
2023-03-06-00:02:36.917 WARN [main]-springfox.documentation.swagger.readers.operation.OperationImplicitParameterReader:170>>Unable to interpret the implicit parameter configuration with dataType: int, dataTypeClass: class java.lang.Void
2023-03-06-00:02:36.922 WARN [main]-springfox.documentation.swagger.readers.operation.OperationImplicitParameterReader:170>>Unable to interpret the implicit parameter configuration with dataType: string, dataTypeClass: class java.lang.Void
2023-03-06-00:02:36.923 WARN [main]-springfox.documentation.swagger.readers.operation.OperationImplicitParameterReader:170>>Unable to interpret the implicit parameter configuration with dataType: int, dataTypeClass: class java.lang.Void
2023-03-06-00:02:36.925 WARN [main]-springfox.documentation.swagger.readers.operation.OperationImplicitParameterReader:170>>Unable to interpret the implicit parameter configuration with dataType: int, dataTypeClass: class java.lang.Void
2023-03-06-00:02:36.945 WARN [main]-springfox.documentation.swagger.readers.operation.OperationImplicitParameterReader:170>>Unable to interpret the implicit parameter configuration with dataType: int, dataTypeClass: class java.lang.Void
2023-03-06-00:02:36.950 WARN [main]-springfox.documentation.swagger.readers.operation.OperationImplicitParameterReader:170>>Unable to interpret the implicit parameter configuration with dataType: String, dataTypeClass: class java.lang.Void
2023-03-06-00:02:36.960 WARN [main]-springfox.documentation.swagger.readers.operation.OperationImplicitParameterReader:170>>Unable to interpret the implicit parameter configuration with dataType: int, dataTypeClass: class java.lang.Void
2023-03-06-00:02:36.968 WARN [main]-springfox.documentation.swagger.readers.operation.OperationImplicitParameterReader:170>>Unable to interpret the implicit parameter configuration with dataType: string, dataTypeClass: class java.lang.Void
2023-03-06-00:02:36.969 WARN [main]-springfox.documentation.swagger.readers.operation.OperationImplicitParameterReader:170>>Unable to interpret the implicit parameter configuration with dataType: string, dataTypeClass: class java.lang.Void
2023-03-06-00:02:36.983 WARN [main]-springfox.documentation.swagger.readers.operation.OperationImplicitParameterReader:170>>Unable to interpret the implicit parameter configuration with dataType: string, dataTypeClass: class java.lang.Void
2023-03-06-00:02:36.985 WARN [main]-springfox.documentation.swagger.readers.operation.OperationImplicitParameterReader:170>>Unable to interpret the implicit parameter configuration with dataType: string, dataTypeClass: class java.lang.Void
2023-03-06-00:02:37.001 INFO [main]-org.springframework.scheduling.quartz.SchedulerFactoryBean:729>>Starting Quartz Scheduler now
2023-03-06-00:02:37.001 INFO [main]-org.quartz.core.QuartzScheduler:547>>Scheduler quartzScheduler_$_NON_CLUSTERED started.
2023-03-06-00:02:37.027 INFO [main]-org.springframework.boot.StartupInfoLogger:61>>Started ApiApplication in 8.6 seconds (JVM running for 13.058)
2023-03-06-00:03:56.745 INFO [SpringApplicationShutdownHook]-org.quartz.core.QuartzScheduler:585>>Scheduler quartzScheduler_$_NON_CLUSTERED paused.
2023-03-06-00:03:56.887 INFO [SpringApplicationShutdownHook]-org.springframework.scheduling.quartz.SchedulerFactoryBean:847>>Shutting down Quartz Scheduler
2023-03-06-00:03:56.887 INFO [SpringApplicationShutdownHook]-org.quartz.core.QuartzScheduler:666>>Scheduler quartzScheduler_$_NON_CLUSTERED shutting down.
2023-03-06-00:03:56.887 INFO [SpringApplicationShutdownHook]-org.quartz.core.QuartzScheduler:585>>Scheduler quartzScheduler_$_NON_CLUSTERED paused.
2023-03-06-00:03:56.888 INFO [SpringApplicationShutdownHook]-org.quartz.core.QuartzScheduler:740>>Scheduler quartzScheduler_$_NON_CLUSTERED shutdown complete.
2023-03-06-00:03:57.018 INFO [SpringApplicationShutdownHook]-com.alibaba.druid.pool.DruidDataSource:2071>>{dataSource-1} closing ...
2023-03-06-00:03:57.020 INFO [SpringApplicationShutdownHook]-com.alibaba.druid.pool.DruidDataSource:2144>>{dataSource-1} closed
2023-03-06-00:04:02.067 INFO [main]-org.springframework.boot.StartupInfoLogger:55>>Starting ApiApplication using Java 1.8.0_241 on Lengdi with PID 6208 (D:\JavaWork\sdmall\api\target\classes started by 冷帝7 in D:\JavaWork\sdmall)
2023-03-06-00:04:02.072 INFO [main]-org.springframework.boot.SpringApplication:634>>No active profile set, falling back to 1 default profile: "default"
2023-03-06-00:04:03.566 INFO [main]-org.springframework.data.repository.config.RepositoryConfigurationDelegate:262>>Multiple Spring Data modules found, entering strict repository configuration mode
2023-03-06-00:04:03.568 INFO [main]-org.springframework.data.repository.config.RepositoryConfigurationDelegate:132>>Bootstrapping Spring Data Redis repositories in DEFAULT mode.
2023-03-06-00:04:03.640 INFO [main]-org.springframework.data.repository.config.RepositoryConfigurationDelegate:201>>Finished Spring Data repository scanning in 39 ms. Found 0 Redis repository interfaces.
2023-03-06-00:04:03.828 WARN [main]-org.mybatis.logging.Logger:44>>No MyBatis mapper was found in '[com.lengdi]' package. Please check your configuration.
2023-03-06-00:04:04.510 INFO [main]-org.springframework.boot.web.embedded.tomcat.TomcatWebServer:108>>Tomcat initialized with port(s): 8080 (http)
2023-03-06-00:04:04.524 INFO [main]-org.apache.juli.logging.DirectJDKLog:173>>Initializing ProtocolHandler ["http-nio-8080"]
2023-03-06-00:04:04.526 INFO [main]-org.apache.juli.logging.DirectJDKLog:173>>Starting service [Tomcat]
2023-03-06-00:04:04.526 INFO [main]-org.apache.juli.logging.DirectJDKLog:173>>Starting Servlet engine: [Apache Tomcat/9.0.68]
2023-03-06-00:04:04.835 INFO [main]-org.apache.juli.logging.DirectJDKLog:173>>Initializing Spring embedded WebApplicationContext
2023-03-06-00:04:04.835 INFO [main]-org.springframework.boot.web.servlet.context.ServletWebServerApplicationContext:292>>Root WebApplicationContext: initialization completed in 2681 ms
2023-03-06-00:04:04.976 INFO [main]-com.alibaba.druid.spring.boot.autoconfigure.DruidDataSourceAutoConfigure:56>>Init DruidDataSource
2023-03-06-00:04:05.140 INFO [main]-com.alibaba.druid.pool.DruidDataSource:998>>{dataSource-1} inited
2023-03-06-00:04:07.780 INFO [main]-tk.mybatis.mapper.autoconfigure.MapperCacheDisabler:60>>Clear tk.mybatis.mapper.util.MsUtil CLASS_CACHE cache.
2023-03-06-00:04:07.781 INFO [main]-tk.mybatis.mapper.autoconfigure.MapperCacheDisabler:60>>Clear tk.mybatis.mapper.genid.GenIdUtil CACHE cache.
2023-03-06-00:04:07.782 INFO [main]-tk.mybatis.mapper.autoconfigure.MapperCacheDisabler:60>>Clear tk.mybatis.mapper.version.VersionUtil CACHE cache.
2023-03-06-00:04:07.782 INFO [main]-tk.mybatis.mapper.autoconfigure.MapperCacheDisabler:83>>Clear EntityHelper entityTableMap cache.
2023-03-06-00:04:07.974 INFO [main]-org.quartz.impl.StdSchedulerFactory:1220>>Using default implementation for ThreadExecutor
2023-03-06-00:04:07.990 INFO [main]-org.quartz.core.SchedulerSignalerImpl:61>>Initialized Scheduler Signaller of type: class org.quartz.core.SchedulerSignalerImpl
2023-03-06-00:04:07.990 INFO [main]-org.quartz.core.QuartzScheduler:229>>Quartz Scheduler v.2.3.2 created.
2023-03-06-00:04:07.991 INFO [main]-org.quartz.simpl.RAMJobStore:155>>RAMJobStore initialized.
2023-03-06-00:04:07.992 INFO [main]-org.quartz.core.QuartzScheduler:294>>Scheduler meta-data: Quartz Scheduler (v2.3.2) 'quartzScheduler' with instanceId 'NON_CLUSTERED'
  Scheduler class: 'org.quartz.core.QuartzScheduler' - running locally.
  NOT STARTED.
  Currently in standby mode.
  Number of jobs executed: 0
  Using thread pool 'org.quartz.simpl.SimpleThreadPool' - with 10 threads.
  Using job-store 'org.quartz.simpl.RAMJobStore' - which does not support persistence. and is not clustered.

2023-03-06-00:04:07.993 INFO [main]-org.quartz.impl.StdSchedulerFactory:1374>>Quartz scheduler 'quartzScheduler' initialized from an externally provided properties instance.
2023-03-06-00:04:07.994 INFO [main]-org.quartz.impl.StdSchedulerFactory:1378>>Quartz scheduler version: 2.3.2
2023-03-06-00:04:07.994 INFO [main]-org.quartz.core.QuartzScheduler:2293>>JobFactory set to: org.springframework.scheduling.quartz.SpringBeanJobFactory@6071631f
2023-03-06-00:04:08.110 INFO [main]-org.apache.juli.logging.DirectJDKLog:173>>Starting ProtocolHandler ["http-nio-8080"]
2023-03-06-00:04:08.173 INFO [main]-org.springframework.boot.web.embedded.tomcat.TomcatWebServer:220>>Tomcat started on port(s): 8080 (http) with context path ''
2023-03-06-00:04:08.562 WARN [main]-springfox.documentation.swagger.readers.operation.OperationImplicitParameterReader:170>>Unable to interpret the implicit parameter configuration with dataType: string, dataTypeClass: class java.lang.Void
2023-03-06-00:04:08.569 WARN [main]-springfox.documentation.swagger.readers.operation.OperationImplicitParameterReader:170>>Unable to interpret the implicit parameter configuration with dataType: string, dataTypeClass: class java.lang.Void
2023-03-06-00:04:08.569 WARN [main]-springfox.documentation.swagger.readers.operation.OperationImplicitParameterReader:170>>Unable to interpret the implicit parameter configuration with dataType: int, dataTypeClass: class java.lang.Void
2023-03-06-00:04:08.570 WARN [main]-springfox.documentation.swagger.readers.operation.OperationImplicitParameterReader:170>>Unable to interpret the implicit parameter configuration with dataType: int, dataTypeClass: class java.lang.Void
2023-03-06-00:04:08.593 WARN [main]-springfox.documentation.swagger.readers.operation.OperationImplicitParameterReader:170>>Unable to interpret the implicit parameter configuration with dataType: string, dataTypeClass: class java.lang.Void
2023-03-06-00:04:08.600 WARN [main]-springfox.documentation.swagger.readers.operation.OperationImplicitParameterReader:170>>Unable to interpret the implicit parameter configuration with dataType: int, dataTypeClass: class java.lang.Void
2023-03-06-00:04:08.601 WARN [main]-springfox.documentation.swagger.readers.operation.OperationImplicitParameterReader:170>>Unable to interpret the implicit parameter configuration with dataType: int, dataTypeClass: class java.lang.Void
2023-03-06-00:04:08.610 WARN [main]-springfox.documentation.swagger.readers.operation.OperationImplicitParameterReader:170>>Unable to interpret the implicit parameter configuration with dataType: int, dataTypeClass: class java.lang.Void
2023-03-06-00:04:08.611 WARN [main]-springfox.documentation.swagger.readers.operation.OperationImplicitParameterReader:170>>Unable to interpret the implicit parameter configuration with dataType: int, dataTypeClass: class java.lang.Void
2023-03-06-00:04:08.615 WARN [main]-springfox.documentation.swagger.readers.operation.OperationImplicitParameterReader:170>>Unable to interpret the implicit parameter configuration with dataType: string, dataTypeClass: class java.lang.Void
2023-03-06-00:04:08.616 WARN [main]-springfox.documentation.swagger.readers.operation.OperationImplicitParameterReader:170>>Unable to interpret the implicit parameter configuration with dataType: int, dataTypeClass: class java.lang.Void
2023-03-06-00:04:08.616 WARN [main]-springfox.documentation.swagger.readers.operation.OperationImplicitParameterReader:170>>Unable to interpret the implicit parameter configuration with dataType: int, dataTypeClass: class java.lang.Void
2023-03-06-00:04:08.631 WARN [main]-springfox.documentation.swagger.readers.operation.OperationImplicitParameterReader:170>>Unable to interpret the implicit parameter configuration with dataType: int, dataTypeClass: class java.lang.Void
2023-03-06-00:04:08.634 WARN [main]-springfox.documentation.swagger.readers.operation.OperationImplicitParameterReader:170>>Unable to interpret the implicit parameter configuration with dataType: String, dataTypeClass: class java.lang.Void
2023-03-06-00:04:08.642 WARN [main]-springfox.documentation.swagger.readers.operation.OperationImplicitParameterReader:170>>Unable to interpret the implicit parameter configuration with dataType: int, dataTypeClass: class java.lang.Void
2023-03-06-00:04:08.649 WARN [main]-springfox.documentation.swagger.readers.operation.OperationImplicitParameterReader:170>>Unable to interpret the implicit parameter configuration with dataType: string, dataTypeClass: class java.lang.Void
2023-03-06-00:04:08.650 WARN [main]-springfox.documentation.swagger.readers.operation.OperationImplicitParameterReader:170>>Unable to interpret the implicit parameter configuration with dataType: string, dataTypeClass: class java.lang.Void
2023-03-06-00:04:08.660 WARN [main]-springfox.documentation.swagger.readers.operation.OperationImplicitParameterReader:170>>Unable to interpret the implicit parameter configuration with dataType: string, dataTypeClass: class java.lang.Void
2023-03-06-00:04:08.661 WARN [main]-springfox.documentation.swagger.readers.operation.OperationImplicitParameterReader:170>>Unable to interpret the implicit parameter configuration with dataType: string, dataTypeClass: class java.lang.Void
2023-03-06-00:04:08.671 INFO [main]-org.springframework.scheduling.quartz.SchedulerFactoryBean:729>>Starting Quartz Scheduler now
2023-03-06-00:04:08.672 INFO [main]-org.quartz.core.QuartzScheduler:547>>Scheduler quartzScheduler_$_NON_CLUSTERED started.
2023-03-06-00:04:08.690 INFO [main]-org.springframework.boot.StartupInfoLogger:61>>Started ApiApplication in 7.698 seconds (JVM running for 9.0)
2023-03-06-00:04:12.708 INFO [http-nio-8080-exec-1]-org.apache.juli.logging.DirectJDKLog:173>>Initializing Spring DispatcherServlet 'dispatcherServlet'
2023-03-06-00:04:12.709 INFO [http-nio-8080-exec-1]-org.springframework.web.servlet.FrameworkServlet:525>>Initializing Servlet 'dispatcherServlet'
2023-03-06-00:04:12.711 INFO [http-nio-8080-exec-1]-org.springframework.web.servlet.FrameworkServlet:547>>Completed initialization in 2 ms
2023-03-06-00:05:15.096 INFO [SpringApplicationShutdownHook]-org.quartz.core.QuartzScheduler:585>>Scheduler quartzScheduler_$_NON_CLUSTERED paused.
2023-03-06-00:05:15.235 INFO [SpringApplicationShutdownHook]-org.springframework.scheduling.quartz.SchedulerFactoryBean:847>>Shutting down Quartz Scheduler
2023-03-06-00:05:15.235 INFO [SpringApplicationShutdownHook]-org.quartz.core.QuartzScheduler:666>>Scheduler quartzScheduler_$_NON_CLUSTERED shutting down.
2023-03-06-00:05:15.235 INFO [SpringApplicationShutdownHook]-org.quartz.core.QuartzScheduler:585>>Scheduler quartzScheduler_$_NON_CLUSTERED paused.
2023-03-06-00:05:15.235 INFO [SpringApplicationShutdownHook]-org.quartz.core.QuartzScheduler:740>>Scheduler quartzScheduler_$_NON_CLUSTERED shutdown complete.
2023-03-06-00:05:15.470 INFO [SpringApplicationShutdownHook]-com.alibaba.druid.pool.DruidDataSource:2071>>{dataSource-1} closing ...
2023-03-06-00:05:15.470 INFO [SpringApplicationShutdownHook]-com.alibaba.druid.pool.DruidDataSource:2144>>{dataSource-1} closed
